Build started 9/29/2015 10:52:32 AM.
     1>Project "C:\Users\pramesh\Desktop\HelloWorld\FindKey\FindKey\FindKey.vcxproj" on node 2 (Build target(s)).
     1>Link:
         C:\Program Files (x86)\Microsoft Visual Studio 12.0\VC\bin\link.exe /ERRORREPORT:PROMPT /OUT:"C:\Users\pramesh\Desktop\HelloWorld\FindKey\Debug\FindKey.exe" /INCREMENTAL /NOLOGO kernel32.lib user32.lib gdi32.lib winspool.lib comdlg32.lib advapi32.lib shell32.lib ole32.lib oleaut32.lib uuid.lib odbc32.lib odbccp32.lib /MANIFEST /MANIFESTUAC:"level='asInvoker' uiAccess='false'" /manifest:embed /DEBUG /PDB:"C:\Users\pramesh\Desktop\HelloWorld\FindKey\Debug\FindKey.pdb" /SUBSYSTEM:CONSOLE /TLBID:1 /DYNAMICBASE /NXCOMPAT /IMPLIB:"C:\Users\pramesh\Desktop\HelloWorld\FindKey\Debug\FindKey.lib" /MACHINE:X86 Debug\findKey.obj
     1>LINK : fatal error LNK1168: cannot open C:\Users\pramesh\Desktop\HelloWorld\FindKey\Debug\FindKey.exe for writing
     1>Done Building Project "C:\Users\pramesh\Desktop\HelloWorld\FindKey\FindKey\FindKey.vcxproj" (Build target(s)) -- FAILED.

Build FAILED.

Time Elapsed 00:00:00.11
